Change Component Designator: OldDesignator=12V NewDesignator=P5
Change Component Designator: OldDesignator=12V NewDesignator=P6
Change Component Designator: OldDesignator=12V NewDesignator=P7
Change Component Designator: OldDesignator=12V NewDesignator=P8
Change Component Designator: OldDesignator=24V NewDesignator=P9
Change Component Designator: OldDesignator=24V NewDesignator=P10
Change Component Designator: OldDesignator=24V NewDesignator=P11
Change Component Designator: OldDesignator=24V NewDesignator=P12
Change Component Designator: OldDesignator=24V NewDesignator=P13
Change Component Designator: OldDesignator=B1 NewDesignator=P1
Change Component Designator: OldDesignator=B2 NewDesignator=P2
Change Component Designator: OldDesignator=B3 NewDesignator=P3
Change Component Designator: OldDesignator=B4 NewDesignator=P4
Change Component Designator: OldDesignator=B5V NewDesignator=B2
Change Component Designator: OldDesignator=B12V NewDesignator=B1
Added Member To Class: ClassName=Sheet1 Member=Component P1 BATTERY1
Added Member To Class: ClassName=Sheet1 Member=Component P2 BATTERY2
Added Member To Class: ClassName=Sheet1 Member=Component P5 282837-2
Added Member To Class: ClassName=Sheet1 Member=Component P6 282837-2
Added Member To Class: ClassName=Sheet1 Member=Component P7 282837-2
Added Member To Class: ClassName=Sheet1 Member=Component P8 282837-2
Added Member To Class: ClassName=Sheet1 Member=Component P9 282837-2
Added Member To Class: ClassName=Sheet1 Member=Component P11 282837-2
Added Member To Class: ClassName=Sheet1 Member=Component P12 282837-2
Added Member To Class: ClassName=Sheet1 Member=Component P13 282837-2
